<?xml version="1.0" encoding="UTF-8"?>
<!-- Generated by org.testng.reporters.JUnitReportReporter -->
<testsuite hostname="SATHISH" failures="0" tests="1" name="food.LaunchBurger_Test" time="6.409" errors="0" timestamp="2024-05-22T16:53:57 IST" skipped="0">
  <testcase classname="food.LaunchBurger_Test" name="burger" time="6.409"/>
  <system-out>
    <![CDATA[Window is maximized]]>
  </system-out>
</testsuite> <!-- food.LaunchBurger_Test -->
