<?xml version="1.0" encoding="UTF-8"?>
<!-- Generated by org.testng.reporters.JUnitReportReporter -->
<testsuite hostname="SATHISH" failures="0" tests="1" name="beauty.LaunchLoreal_Test" time="13.117" errors="0" timestamp="2024-05-23T15:21:39 IST" skipped="0">
  <testcase classname="beauty.LaunchLoreal_Test" name="loreal" time="13.117"/>
  <system-out>
    <![CDATA[Window is maximized]]>
  </system-out>
</testsuite> <!-- beauty.LaunchLoreal_Test -->
