<?xml version="1.0" encoding="UTF-8"?>
<!-- Generated by org.testng.reporters.JUnitReportReporter -->
<testsuite hostname="SATHISH" failures="0" tests="1" name="beauty.LaunchSugar_Test" time="15.109" errors="0" timestamp="2024-05-22T16:54:56 IST" skipped="0">
  <testcase classname="beauty.LaunchSugar_Test" name="sugar" time="15.109"/>
  <system-out>
    <![CDATA[Window is maximized]]>
  </system-out>
</testsuite> <!-- beauty.LaunchSugar_Test -->
