<?xml version="1.0" encoding="UTF-8"?>
<!-- Generated by org.testng.reporters.JUnitReportReporter -->
<testsuite hostname="SATHISH" failures="0" tests="1" name="ecom.DemoWebShop3_Test" time="8.868" errors="0" timestamp="2024-05-22T16:53:07 IST" skipped="0">
  <testcase classname="ecom.DemoWebShop3_Test" name="demoWebShop3" time="8.868"/>
  <system-out>
    <![CDATA[Window is maximized]]>
  </system-out>
</testsuite> <!-- ecom.DemoWebShop3_Test -->
