<?xml version="1.0" encoding="UTF-8"?>
<!-- Generated by org.testng.reporters.JUnitReportReporter -->
<testsuite hostname="SATHISH" failures="0" tests="1" name="ecom.DemoWebShop1_Test" time="9.016" errors="0" timestamp="2024-05-22T16:53:07 IST" skipped="0">
  <testcase classname="ecom.DemoWebShop1_Test" name="demoWebShop1" time="9.016"/>
  <system-out>
    <![CDATA[Window is maximized]]>
  </system-out>
</testsuite> <!-- ecom.DemoWebShop1_Test -->
