<?xml version="1.0" encoding="UTF-8"?>
<!-- Generated by org.testng.reporters.JUnitReportReporter -->
<testsuite hostname="SATHISH" failures="0" tests="1" name="ecom.DemoWebShop2_Test" time="8.573" errors="0" timestamp="2024-05-22T16:53:07 IST" skipped="0">
  <testcase classname="ecom.DemoWebShop2_Test" name="demoWebShop2" time="8.573"/>
  <system-out>
    <![CDATA[Window is maximized]]>
  </system-out>
</testsuite> <!-- ecom.DemoWebShop2_Test -->
